# JRE version: Java(TM) SE Runtime Environment (17.0.12+8) (build 17.0.12+8-LTS-286)
# Java VM: Java HotSpot(TM) 64-Bit Server VM (17.0.12+8-LTS-286, mixed mode, sharing, tiered, compressed oops, compressed class ptrs, g1 gc, windows-amd64)
GC Precious Log:
 CPUs: 16 total, 16 available
 Memory: 16110M
 Large Page Support: Disabled
 NUMA Support: Disabled
 Compressed Oops: Enabled (32-bit)
 Heap Region Size: 1M
 Heap Min Capacity: 256M
 Heap Initial Capacity: 256M
 Heap Max Capacity: 512M
 Pre-touch: Disabled
 Parallel Workers: 13
 Concurrent Workers: 3
 Concurrent Refinement Workers: 13
 Periodic GC: Disabled
Heap:
 garbage-first heap   total 409600K, used 176028K [0x00000000e0000000, 0x0000000100000000)
  region size 1024K, 41 young (41984K), 13 survivors (13312K)
 Metaspace       used 82469K, committed 83584K, reserved 458752K
  class space    used 10956K, committed 11456K, reserved 327680K
GC Heap History (20 events):
Event: 51.540 GC heap before
{Heap before GC invocations=43 (full 0):
 garbage-first heap   total 358400K, used 270552K [0x00000000e0000000, 0x0000000100000000)
  region size 1024K, 84 young (86016K), 3 survivors (3072K)
 Metaspace       used 83112K, committed 83840K, reserved 458752K
  class space    used 11122K, committed 11456K, reserved 327680K
}
Event: 51.553 GC heap after
{Heap after GC invocations=44 (full 0):
 garbage-first heap   total 358400K, used 205511K [0x00000000e0000000, 0x0000000100000000)
  region size 1024K, 11 young (11264K), 11 survivors (11264K)
 Metaspace       used 83112K, committed 83840K, reserved 458752K
  class space    used 11122K, committed 11456K, reserved 327680K
}
Event: 51.906 GC heap before
{Heap before GC invocations=45 (full 0):
 garbage-first heap   total 358400K, used 275143K [0x00000000e0000000, 0x0000000100000000)
  region size 1024K, 81 young (82944K), 11 survivors (11264K)
 Metaspace       used 83551K, committed 84288K, reserved 458752K
  class space    used 11185K, committed 11520K, reserved 327680K
}
Event: 51.915 GC heap after
{Heap after GC invocations=46 (full 0):
 garbage-first heap   total 358400K, used 207586K [0x00000000e0000000, 0x0000000100000000)
  region size 1024K, 3 young (3072K), 3 survivors (3072K)
 Metaspace       used 83551K, committed 84288K, reserved 458752K
  class space    used 11185K, committed 11520K, reserved 327680K
}
Event: 51.950 GC heap before
{Heap before GC invocations=46 (full 0):
 garbage-first heap   total 358400K, used 221922K [0x00000000e0000000, 0x0000000100000000)
  region size 1024K, 17 young (17408K), 3 survivors (3072K)
 Metaspace       used 83551K, committed 84288K, reserved 458752K
  class space    used 11185K, committed 11520K, reserved 327680K
}
Event: 51.956 GC heap after
{Heap after GC invocations=47 (full 0):
 garbage-first heap   total 358400K, used 204852K [0x00000000e0000000, 0x0000000100000000)
  region size 1024K, 2 young (2048K), 2 survivors (2048K)
 Metaspace       used 83551K, committed 84288K, reserved 458752K
  class space    used 11185K, committed 11520K, reserved 327680K
}
Event: 52.695 GC heap before
{Heap before GC invocations=47 (full 0):
 garbage-first heap   total 358400K, used 283700K [0x00000000e0000000, 0x0000000100000000)
  region size 1024K, 79 young (80896K), 2 survivors (2048K)
 Metaspace       used 83679K, committed 84480K, reserved 458752K
  class space    used 11185K, committed 11520K, reserved 327680K
}
Event: 52.703 GC heap after
{Heap after GC invocations=48 (full 0):
 garbage-first heap   total 398336K, used 209485K [0x00000000e0000000, 0x0000000100000000)
  region size 1024K, 6 young (6144K), 6 survivors (6144K)
 Metaspace       used 83679K, committed 84480K, reserved 458752K
  class space    used 11185K, committed 11520K, reserved 327680K
}
Event: 53.768 GC heap before
{Heap before GC invocations=49 (full 0):
 garbage-first heap   total 398336K, used 315981K [0x00000000e0000000, 0x0000000100000000)
  region size 1024K, 110 young (112640K), 6 survivors (6144K)
 Metaspace       used 83814K, committed 84544K, reserved 458752K
  class space    used 11185K, committed 11520K, reserved 327680K
}
Event: 53.776 GC heap after
{Heap after GC invocations=50 (full 0):
 garbage-first heap   total 398336K, used 213608K [0x00000000e0000000, 0x0000000100000000)
  region size 1024K, 10 young (10240K), 10 survivors (10240K)
 Metaspace       used 83814K, committed 84544K, reserved 458752K
  class space    used 11185K, committed 11520K, reserved 327680K
}
Event: 53.851 GC heap before
{Heap before GC invocations=50 (full 0):
 garbage-first heap   total 398336K, used 222824K [0x00000000e0000000, 0x0000000100000000)
  region size 1024K, 19 young (19456K), 10 survivors (10240K)
 Metaspace       used 83824K, committed 84608K, reserved 458752K
  class space    used 11185K, committed 11520K, reserved 327680K
}
Event: 53.858 GC heap after
{Heap after GC invocations=51 (full 0):
 garbage-first heap   total 398336K, used 209898K [0x00000000e0000000, 0x0000000100000000)
  region size 1024K, 2 young (2048K), 2 survivors (2048K)
 Metaspace       used 83824K, committed 84608K, reserved 458752K
  class space    used 11185K, committed 11520K, reserved 327680K
}
Event: 93.219 GC heap before
{Heap before GC invocations=51 (full 0):
 garbage-first heap   total 398336K, used 269290K [0x00000000e0000000, 0x0000000100000000)
  region size 1024K, 62 young (63488K), 2 survivors (2048K)
 Metaspace       used 84123K, committed 84928K, reserved 458752K
  class space    used 11196K, committed 11584K, reserved 327680K
}
Event: 93.223 GC heap after
{Heap after GC invocations=52 (full 0):
 garbage-first heap   total 398336K, used 210913K [0x00000000e0000000, 0x0000000100000000)
  region size 1024K, 3 young (3072K), 3 survivors (3072K)
 Metaspace       used 84123K, committed 84928K, reserved 458752K
  class space    used 11196K, committed 11584K, reserved 327680K
}
Event: 94.186 GC heap before
{Heap before GC invocations=53 (full 0):
 garbage-first heap   total 409600K, used 397281K [0x00000000e0000000, 0x0000000100000000)
  region size 1024K, 39 young (39936K), 3 survivors (3072K)
 Metaspace       used 84330K, committed 85184K, reserved 458752K
  class space    used 11202K, committed 11584K, reserved 327680K
}
Event: 94.190 GC heap after
{Heap after GC invocations=54 (full 0):
 garbage-first heap   total 409600K, used 212321K [0x00000000e0000000, 0x0000000100000000)
  region size 1024K, 5 young (5120K), 5 survivors (5120K)
 Metaspace       used 84330K, committed 85184K, reserved 458752K
  class space    used 11202K, committed 11584K, reserved 327680K
}
Event: 94.462 GC heap before
{Heap before GC invocations=54 (full 0):
 garbage-first heap   total 409600K, used 248161K [0x00000000e0000000, 0x0000000100000000)
  region size 1024K, 20 young (20480K), 5 survivors (5120K)
 Metaspace       used 84343K, committed 85184K, reserved 458752K
  class space    used 11202K, committed 11584K, reserved 327680K
}
Event: 94.469 GC heap after
{Heap after GC invocations=55 (full 0):
 garbage-first heap   total 409600K, used 206913K [0x00000000e0000000, 0x0000000100000000)
  region size 1024K, 3 young (3072K), 3 survivors (3072K)
 Metaspace       used 84343K, committed 85184K, reserved 458752K
  class space    used 11202K, committed 11584K, reserved 327680K
}
Event: 94.733 GC heap before
{Heap before GC invocations=55 (full 0):
 garbage-first heap   total 409600K, used 265281K [0x00000000e0000000, 0x0000000100000000)
  region size 1024K, 61 young (62464K), 3 survivors (3072K)
 Metaspace       used 84387K, committed 85184K, reserved 458752K
  class space    used 11204K, committed 11584K, reserved 327680K
}
Event: 94.740 GC heap after
{Heap after GC invocations=56 (full 0):
 garbage-first heap   total 409600K, used 213916K [0x00000000e0000000, 0x0000000100000000)
  region size 1024K, 13 young (13312K), 13 survivors (13312K)
 Metaspace       used 84387K, committed 85184K, reserved 458752K
  class space    used 11204K, committed 11584K, reserved 327680K
}

